#
# A fatal error has been detected by the Java Runtime Environment:
#
#  EXCEPTION_ACCESS_VIOLATION (0xc0000005) at pc=0x00007ff9bf54c8a1, pid=21900, tid=22264
#
# JRE version: OpenJDK Runtime Environment Temurin-17.0.14+7 (17.0.14+7) (build 17.0.14+7)
# Java VM: OpenJDK 64-Bit Server VM Temurin-17.0.14+7 (17.0.14+7, mixed mode, sharing, tiered, compressed oops, compressed class ptrs, g1 gc, windows-amd64)
# Problematic frame:
# C  [awt.dll+0xdc8a1]
#
# No core dump will be written. Minidumps are not enabled by default on client versions of Windows
#
# If you would like to submit a bug report, please visit:
#   https://github.com/adoptium/adoptium-support/issues
# The crash happened outside the Java Virtual Machine in native code.
# See problematic frame for where to report the bug.
#

---------------  S U M M A R Y ------------

Command Line: -XX:+ShowCodeDetailsInExceptionMessages main.java.ui.OffreEmploiFormUI

Host: Intel(R) Core(TM) i5-8365U CPU @ 1.60GHz, 8 cores, 15G,  Windows 11 , 64 bit Build 26100 (10.0.26100.3912)
Time: Mon May 19 21:04:12 2025 Romance Daylight Time elapsed time: 3907.490345 seconds (0d 1h 5m 7s)

---------------  T H R E A D  ---------------

Current thread (0x00000252f9ea86f0):  JavaThread "AWT-Windows" daemon [_thread_in_native, id=22264, stack(0x000000be3ef00000,0x000000be3f000000)]

Stack: [0x000000be3ef00000,0x000000be3f000000],  sp=0x000000be3effea20,  free space=1018k
Native frames: (J=compiled Java code, j=interpreted, Vv=VM code, C=native code)
C  [awt.dll+0xdc8a1]

Java frames: (J=compiled Java code, j=interpreted, Vv=VM code)
j  sun.awt.windows.WToolkit.eventLoop()V+0 java.desktop@17.0.14
j  sun.awt.windows.WToolkit.run()V+50 java.desktop@17.0.14
j  java.lang.Thread.run()V+11 java.base@17.0.14
v  ~StubRoutines::call_stub

siginfo: EXCEPTION_ACCESS_VIOLATION (0xc0000005), reading address 0x0000000000000068


Registers:
RAX=0x0000000000000060, RBX=0x00000252c1a6d380, RCX=0x0000000000000000, RDX=0x0000000000000000
RSP=0x000000be3effea20, RBP=0x000000be3effeb29, RSI=0x0000000053011170, RDI=0x0000000000000000
R8 =0x0000000000000001, R9 =0x000000be3d441000, R10=0x0000000000000000, R11=0x0000000000000246
R12=0x0000000000000000, R13=0x0000000000000310, R14=0x0000000000000000, R15=0x0000000000000000
RIP=0x00007ff9bf54c8a1, EFLAGS=0x0000000000010246


Register to memory mapping:

RIP=0x00007ff9bf54c8a1 awt.dll
RAX=0x0000000000000060 is an unknown value
RBX=0x00000252c1a6d380 points into unknown readable memory: 0x00000252fee67550 | 50 75 e6 fe 52 02 00 00
RCX=0x0 is NULL
RDX=0x0 is NULL
RSP=0x000000be3effea20 is pointing into the stack for thread: 0x00000252f9ea86f0
RBP=0x000000be3effeb29 is pointing into the stack for thread: 0x00000252f9ea86f0
RSI=0x0000000053011170 is an unknown value
RDI=0x0 is NULL
R8 =0x0000000000000001 is an unknown value
R9 =0x000000be3d441000 points into unknown readable memory: 0x0000000000000000 | 00 00 00 00 00 00 00 00
R10=0x0 is NULL
R11=0x0000000000000246 is an unknown value
R12=0x0 is NULL
R13=0x0000000000000310 is an unknown value
R14=0x0 is NULL
R15=0x0 is NULL


Top of Stack: (sp=0x000000be3effea20)
0x000000be3effea20:   00007ff9bf5ac848 0000000053011170
0x000000be3effea30:   0000b6488419dba4 0000000000000000
0x000000be3effea40:   0000000000000000 00007ff9bf50853c
0x000000be3effea50:   0000000053011170 00000252ff426090
0x000000be3effea60:   00000252c1a6d380 00000252ff426090
0x000000be3effea70:   00000252ff426090 00007ff9bf5085e6
0x000000be3effea80:   00007ff9bf470000 0000000000000000
0x000000be3effea90:   000000be3effeb88 00007ff9d9214d18
0x000000be3effeaa0:   00000252ff426090 00007ff9bf505938
0x000000be3effeab0:   00000252ff426090 0000000000000000
0x000000be3effeac0:   00007ff9bf508ac0 00007ff9f5c73ffe
0x000000be3effead0:   0000000000000000 000000000000c250
0x000000be3effeae0:   000000be3effeb80 0000000000000001
0x000000be3effeaf0:   0000000000000000 000000be3effeb88
0x000000be3effeb00:   0000000000000000 0000000000000000
0x000000be3effeb10:   0000000000000000 00000252f9ea89a8
0x000000be3effeb20:   00000252ff426130 0000000000000000
0x000000be3effeb30:   0000000000000000 0000b6488419d834
0x000000be3effeb40:   0000000000000000 0000000000000000
0x000000be3effeb50:   0000000000000000 0000000000000000
0x000000be3effeb60:   0000000000000000 0000000000000310
0x000000be3effeb70:   0000000000000000 00000252ff426090
0x000000be3effeb80:   00000252ff426090 00007ff9bf551a9c
0x000000be3effeb90:   0000000000000000 0000720e5384367e
0x000000be3effeba0:   000005f6a5b5529a 00000000001d065e
0x000000be3effebb0:   000000000000c250 0000000000000022
0x000000be3effebc0:   0000000000000000 00007ff9f44be8fb
0x000000be3effebd0:   0000000000000022 0000000000000001
0x000000be3effebe0:   00000000001d065e 00007ff9f5ce88cf
0x000000be3effebf0:   0000000000000310 00007ff9f44beeda
0x000000be3effec00:   ffffffffffffffeb 0000b6488419d914
0x000000be3effec10:   00000252d512f560 0000000000000000 

Instructions: (pc=0x00007ff9bf54c8a1)
0x00007ff9bf54c7a1:   83 ec 28 66 0f 6e c2 0f 5b c0 f3 0f 59 41 48 0f
0x00007ff9bf54c7b1:   5a c8 f2 0f 10 05 95 44 03 00 f2 0f 5c 0d 35 44
0x00007ff9bf54c7c1:   01 00 66 0f 2f c1 76 0a b8 00 00 00 80 48 83 c4
0x00007ff9bf54c7d1:   28 c3 66 0f 2f 0d 75 8d 02 00 76 0a b8 ff ff ff
0x00007ff9bf54c7e1:   7f 48 83 c4 28 c3 0f 28 c1 e8 a7 0d 01 00 f2 0f
0x00007ff9bf54c7f1:   2c c0 48 83 c4 28 c3 cc cc cc cc cc cc cc cc 48
0x00007ff9bf54c801:   83 ec 28 66 0f 6e c2 0f 5b c0 f3 0f 59 41 4c 0f
0x00007ff9bf54c811:   5a c8 f2 0f 10 05 35 44 03 00 f2 0f 5c 0d d5 43
0x00007ff9bf54c821:   01 00 66 0f 2f c1 76 0a b8 00 00 00 80 48 83 c4
0x00007ff9bf54c831:   28 c3 66 0f 2f 0d 15 8d 02 00 76 0a b8 ff ff ff
0x00007ff9bf54c841:   7f 48 83 c4 28 c3 0f 28 c1 e8 47 0d 01 00 f2 0f
0x00007ff9bf54c851:   2c c0 48 83 c4 28 c3 cc cc cc cc cc cc cc cc 48
0x00007ff9bf54c861:   8b 49 08 48 85 c9 0f 85 c3 7e fe ff 33 c0 c3 48
0x00007ff9bf54c871:   89 5c 24 08 48 89 74 24 10 57 48 83 ec 20 8b fa
0x00007ff9bf54c881:   48 8b f1 e8 47 be f4 ff 48 8b d8 48 89 44 24 40
0x00007ff9bf54c891:   41 b8 01 00 00 00 8b d7 48 8b c8 e8 9f bd f4 ff
0x00007ff9bf54c8a1:   48 8b 48 08 48 85 c9 74 0d 48 8b d6 e8 7e 7e fe
0x00007ff9bf54c8b1:   ff 48 8b f8 eb 02 33 ff 48 8b cb e8 cf bf f4 ff
0x00007ff9bf54c8c1:   90 48 8b c7 48 8b 5c 24 30 48 8b 74 24 38 48 83
0x00007ff9bf54c8d1:   c4 20 5f c3 cc cc cc cc cc cc cc cc cc cc cc 48
0x00007ff9bf54c8e1:   8b 01 89 10 c3 cc cc cc cc cc cc cc cc cc cc 40
0x00007ff9bf54c8f1:   57 48 83 ec 40 48 83 79 38 00 48 8b f9 0f 84 96
0x00007ff9bf54c901:   01 00 00 48 8b 0d 55 c5 06 00 ba 02 00 01 00 48
0x00007ff9bf54c911:   89 5c 24 58 48 89 74 24 68 e8 39 f6 00 00 4c 8b
0x00007ff9bf54c921:   05 92 ca 06 00 48 8b c8 48 8b 57 38 48 8b d8 4c
0x00007ff9bf54c931:   8b 08 41 ff 91 f8 02 00 00 48 8b f0 48 85 c0 0f
0x00007ff9bf54c941:   84 4a 01 00 00 4c 8b 0b 48 8b d0 4c 8b 05 55 ca
0x00007ff9bf54c951:   06 00 48 8b cb 41 ff 91 00 01 00 00 84 c0 0f 84
0x00007ff9bf54c961:   2b 01 00 00 48 8b 7f 08 48 8b d6 48 8b 03 48 8b
0x00007ff9bf54c971:   cb 4c 8b 05 47 ca 06 00 48 81 c7 00 04 00 00 48
0x00007ff9bf54c981:   89 6c 24 60 4c 89 7c 24 20 ff 90 f8 02 00 00 4c
0x00007ff9bf54c991:   8b 0b 48 8b d6 4c 8b 05 2b ca 06 00 48 8b cb 4c 


Stack slot to memory mapping:
stack at sp + 0 slots: 0x00007ff9bf5ac848 awt.dll
stack at sp + 1 slots: 0x0000000053011170 is an unknown value
stack at sp + 2 slots: 0x0000b6488419dba4 is an unknown value
stack at sp + 3 slots: 0x0 is NULL
stack at sp + 4 slots: 0x0 is NULL
stack at sp + 5 slots: 0x00007ff9bf50853c awt.dll
stack at sp + 6 slots: 0x0000000053011170 is an unknown value
stack at sp + 7 slots: 0x00000252ff426090 points into unknown readable memory: 0x00007ff9bf57c890 | 90 c8 57 bf f9 7f 00 00


---------------  P R O C E S S  ---------------

Threads class SMR info:
_java_thread_list=0x00000252c1bab310, length=17, elements={
0x00000252f9b18440, 0x00000252f9b18d10, 0x00000252f9b2de40, 0x00000252f9b30720,
0x00000252f9b30ff0, 0x00000252f9b348e0, 0x00000252f9b389e0, 0x00000252f9b67730,
0x00000252f9b68040, 0x00000252f9c94d40, 0x00000252f9c960f0, 0x00000252f9ea6030,
0x00000252f9ebab60, 0x00000252f9ea86f0, 0x00000252f9eb2160, 0x00000252d65072f0,
0x00000252fee599e0
}

Java Threads: ( => current thread )
  0x00000252f9b18440 JavaThread "Reference Handler" daemon [_thread_blocked, id=17524, stack(0x000000be3e100000,0x000000be3e200000)]
  0x00000252f9b18d10 JavaThread "Finalizer" daemon [_thread_blocked, id=21520, stack(0x000000be3e200000,0x000000be3e300000)]
  0x00000252f9b2de40 JavaThread "Signal Dispatcher" daemon [_thread_blocked, id=23964, stack(0x000000be3e300000,0x000000be3e400000)]
  0x00000252f9b30720 JavaThread "Attach Listener" daemon [_thread_blocked, id=19616, stack(0x000000be3e400000,0x000000be3e500000)]
  0x00000252f9b30ff0 JavaThread "Service Thread" daemon [_thread_blocked, id=20400, stack(0x000000be3e500000,0x000000be3e600000)]
  0x00000252f9b348e0 JavaThread "Monitor Deflation Thread" daemon [_thread_blocked, id=3624, stack(0x000000be3e600000,0x000000be3e700000)]
  0x00000252f9b389e0 JavaThread "C2 CompilerThread0" daemon [_thread_blocked, id=9168, stack(0x000000be3e700000,0x000000be3e800000)]
  0x00000252f9b67730 JavaThread "C1 CompilerThread0" daemon [_thread_blocked, id=6412, stack(0x000000be3e800000,0x000000be3e900000)]
  0x00000252f9b68040 JavaThread "Sweeper thread" daemon [_thread_blocked, id=16712, stack(0x000000be3e900000,0x000000be3ea00000)]
  0x00000252f9c94d40 JavaThread "Notification Thread" daemon [_thread_blocked, id=16776, stack(0x000000be3ea00000,0x000000be3eb00000)]
  0x00000252f9c960f0 JavaThread "Common-Cleaner" daemon [_thread_blocked, id=17140, stack(0x000000be3ec00000,0x000000be3ed00000)]
  0x00000252f9ea6030 JavaThread "Java2D Disposer" daemon [_thread_blocked, id=18816, stack(0x000000be3ed00000,0x000000be3ee00000)]
  0x00000252f9ebab60 JavaThread "AWT-Shutdown" [_thread_blocked, id=14260, stack(0x000000be3ee00000,0x000000be3ef00000)]
=>0x00000252f9ea86f0 JavaThread "AWT-Windows" daemon [_thread_in_native, id=22264, stack(0x000000be3ef00000,0x000000be3f000000)]
  0x00000252f9eb2160 JavaThread "AWT-EventQueue-0" [_thread_in_native, id=9352, stack(0x000000be3f000000,0x000000be3f100000)]
  0x00000252d65072f0 JavaThread "DestroyJavaVM" [_thread_blocked, id=10772, stack(0x000000be3da00000,0x000000be3db00000)]
  0x00000252fee599e0 JavaThread "TimerQueue" daemon [_thread_blocked, id=24124, stack(0x000000be3fd00000,0x000000be3fe00000)]

Other Threads:
  0x00000252f9acc890 VMThread "VM Thread" [stack: 0x000000be3e000000,0x000000be3e100000] [id=21832]
  0x00000252f9c95630 WatcherThread [stack: 0x000000be3eb00000,0x000000be3ec00000] [id=13544]
  0x00000252d6578da0 GCTaskThread "GC Thread#0" [stack: 0x000000be3db00000,0x000000be3dc00000] [id=10380]
  0x00000252c1d6f300 GCTaskThread "GC Thread#1" [stack: 0x000000be3f200000,0x000000be3f300000] [id=21976]
  0x00000252c1d6f5c0 GCTaskThread "GC Thread#2" [stack: 0x000000be3f400000,0x000000be3f500000] [id=6500]
  0x00000252c1d6f880 GCTaskThread "GC Thread#3" [stack: 0x000000be3f500000,0x000000be3f600000] [id=5072]
  0x00000252c1d6fb40 GCTaskThread "GC Thread#4" [stack: 0x000000be3f600000,0x000000be3f700000] [id=2288]
  0x00000252c1da1010 GCTaskThread "GC Thread#5" [stack: 0x000000be3f700000,0x000000be3f800000] [id=3572]
  0x00000252ff03fc20 GCTaskThread "GC Thread#6" [stack: 0x000000be3f800000,0x000000be3f900000] [id=22616]
  0x00000252fecde2a0 GCTaskThread "GC Thread#7" [stack: 0x000000be3f900000,0x000000be3fa00000] [id=3712]
  0x00000252d658a450 ConcurrentGCThread "G1 Main Marker" [stack: 0x000000be3dc00000,0x000000be3dd00000] [id=9004]
  0x00000252d658b520 ConcurrentGCThread "G1 Conc#0" [stack: 0x000000be3dd00000,0x000000be3de00000] [id=24324]
  0x00000252d65bec70 ConcurrentGCThread "G1 Refine#0" [stack: 0x000000be3de00000,0x000000be3df00000] [id=11680]
  0x00000252f9974a80 ConcurrentGCThread "G1 Service" [stack: 0x000000be3df00000,0x000000be3e000000] [id=21936]

Threads with active compile tasks:

VM state: not at safepoint (normal execution)

VM Mutex/Monitor currently owned by a thread: None

Heap address: 0x0000000704800000, size: 4024 MB, Compressed Oops mode: Zero based, Oop shift amount: 3

CDS archive(s) mapped at: [0x0000025280000000-0x0000025280bb0000-0x0000025280bb0000), size 12255232, SharedBaseAddress: 0x0000025280000000, ArchiveRelocationMode: 1.
Compressed class space mapped at: 0x0000025281000000-0x00000252c1000000, reserved size: 1073741824
Narrow klass base: 0x0000025280000000, Narrow klass shift: 0, Narrow klass range: 0x100000000

GC Precious Log:
 CPUs: 8 total, 8 available
 Memory: 16094M
 Large Page Support: Disabled
 NUMA Support: Disabled
 Compressed Oops: Enabled (Zero based)
 Heap Region Size: 2M
 Heap Min Capacity: 8M
 Heap Initial Capacity: 252M
 Heap Max Capacity: 4024M
 Pre-touch: Disabled
 Parallel Workers: 8
 Concurrent Workers: 2
 Concurrent Refinement Workers: 8
 Periodic GC: Disabled

Heap:
 garbage-first heap   total 258048K, used 49693K [0x0000000704800000, 0x0000000800000000)
  region size 2048K, 13 young (26624K), 2 survivors (4096K)
 Metaspace       used 18261K, committed 18560K, reserved 1114112K
  class space    used 2077K, committed 2240K, reserved 1048576K

Heap Regions: E=young(eden), S=young(survivor), O=old, HS=humongous(starts), HC=humongous(continues), CS=collection set, F=free, OA=open archive, CA=closed archive, TAMS=top-at-mark-start (previous, next)
|   0|0x0000000704800000, 0x0000000704887400, 0x0000000704a00000| 26%| O|  |TAMS 0x0000000704800000, 0x0000000704800000| Untracked 
|   1|0x0000000704a00000, 0x0000000704c00000, 0x0000000704c00000|100%|HS|  |TAMS 0x0000000704a00000, 0x0000000704a00000| Complete 
|   2|0x0000000704c00000, 0x0000000704e00000, 0x0000000704e00000|100%|HC|  |TAMS 0x0000000704c00000, 0x0000000704c00000| Complete 
|   3|0x0000000704e00000, 0x0000000705000000, 0x0000000705000000|100%|HC|  |TAMS 0x0000000704e00000, 0x0000000704e00000| Complete 
|   4|0x0000000705000000, 0x0000000705200000, 0x0000000705200000|100%|HC|  |TAMS 0x0000000705000000, 0x0000000705000000| Complete 
|   5|0x0000000705200000, 0x0000000705400000, 0x0000000705400000|100%|HS|  |TAMS 0x0000000705200000, 0x0000000705200000| Complete 
|   6|0x0000000705400000, 0x0000000705600000, 0x0000000705600000|100%|HC|  |TAMS 0x0000000705400000, 0x0000000705400000| Complete 
|   7|0x0000000705600000, 0x0000000705800000, 0x0000000705800000|100%|HS|  |TAMS 0x0000000705600000, 0x0000000705600000| Complete 
|   8|0x0000000705800000, 0x0000000705a00000, 0x0000000705a00000|100%|HC|  |TAMS 0x0000000705800000, 0x0000000705800000| Complete 
|   9|0x0000000705a00000, 0x0000000705c00000, 0x0000000705c00000|100%|HS|  |TAMS 0x0000000705a00000, 0x0000000705a00000| Complete 
|  10|0x0000000705c00000, 0x0000000705e00000, 0x0000000705e00000|100%|HC|  |TAMS 0x0000000705c00000, 0x0000000705c00000| Complete 
|  11|0x0000000705e00000, 0x0000000706000000, 0x0000000706000000|100%|HC|  |TAMS 0x0000000705e00000, 0x0000000705e00000| Complete 
|  12|0x0000000706000000, 0x0000000706200000, 0x0000000706200000|100%|HC|  |TAMS 0x0000000706000000, 0x0000000706000000| Complete 
|  13|0x0000000706200000, 0x0000000706200000, 0x0000000706400000|  0%| F|  |TAMS 0x0000000706200000, 0x0000000706200000| Untracked 
|  14|0x0000000706400000, 0x0000000706400000, 0x0000000706600000|  0%| F|  |TAMS 0x0000000706400000, 0x0000000706400000| Untracked 
|  15|0x0000000706600000, 0x0000000706600000, 0x0000000706800000|  0%| F|  |TAMS 0x0000000706600000, 0x0000000706600000| Untracked 
|  16|0x0000000706800000, 0x0000000706800000, 0x0000000706a00000|  0%| F|  |TAMS 0x0000000706800000, 0x0000000706800000| Untracked 
|  17|0x0000000706a00000, 0x0000000706a00000, 0x0000000706c00000|  0%| F|  |TAMS 0x0000000706a00000, 0x0000000706a00000| Untracked 
|  18|0x0000000706c00000, 0x0000000706c00000, 0x0000000706e00000|  0%| F|  |TAMS 0x0000000706c00000, 0x0000000706c00000| Untracked 
|  19|0x0000000706e00000, 0x0000000706e00000, 0x0000000707000000|  0%| F|  |TAMS 0x0000000706e00000, 0x0000000706e00000| Untracked 
|  20|0x0000000707000000, 0x0000000707000000, 0x0000000707200000|  0%| F|  |TAMS 0x0000000707000000, 0x0000000707000000| Untracked 
|  21|0x0000000707200000, 0x0000000707200000, 0x0000000707400000|  0%| F|  |TAMS 0x0000000707200000, 0x0000000707200000| Untracked 
|  22|0x0000000707400000, 0x0000000707400000, 0x0000000707600000|  0%| F|  |TAMS 0x0000000707400000, 0x0000000707400000| Untracked 
|  23|0x0000000707600000, 0x0000000707600000, 0x0000000707800000|  0%| F|  |TAMS 0x0000000707600000, 0x0000000707600000| Untracked 
|  24|0x0000000707800000, 0x0000000707800000, 0x0000000707a00000|  0%| F|  |TAMS 0x0000000707800000, 0x0000000707800000| Untracked 
|  25|0x0000000707a00000, 0x0000000707a00000, 0x0000000707c00000|  0%| F|  |TAMS 0x0000000707a00000, 0x0000000707a00000| Untracked 
|  26|0x0000000707c00000, 0x0000000707c00000, 0x0000000707e00000|  0%| F|  |TAMS 0x0000000707c00000, 0x0000000707c00000| Untracked 
|  27|0x0000000707e00000, 0x0000000707e00000, 0x0000000708000000|  0%| F|  |TAMS 0x0000000707e00000, 0x0000000707e00000| Untracked 
|  28|0x0000000708000000, 0x0000000708000000, 0x0000000708200000|  0%| F|  |TAMS 0x0000000708000000, 0x0000000708000000| Untracked 
|  29|0x0000000708200000, 0x0000000708200000, 0x0000000708400000|  0%| F|  |TAMS 0x0000000708200000, 0x0000000708200000| Untracked 
|  30|0x0000000708400000, 0x0000000708400000, 0x0000000708600000|  0%| F|  |TAMS 0x0000000708400000, 0x0000000708400000| Untracked 
|  31|0x0000000708600000, 0x0000000708600000, 0x0000000708800000|  0%| F|  |TAMS 0x0000000708600000, 0x0000000708600000| Untracked 
|  32|0x0000000708800000, 0x0000000708800000, 0x0000000708a00000|  0%| F|  |TAMS 0x0000000708800000, 0x0000000708800000| Untracked 
|  33|0x0000000708a00000, 0x0000000708a00000, 0x0000000708c00000|  0%| F|  |TAMS 0x0000000708a00000, 0x0000000708a00000| Untracked 
|  34|0x0000000708c00000, 0x0000000708c00000, 0x0000000708e00000|  0%| F|  |TAMS 0x0000000708c00000, 0x0000000708c00000| Untracked 
|  35|0x0000000708e00000, 0x0000000708e00000, 0x0000000709000000|  0%| F|  |TAMS 0x0000000708e00000, 0x0000000708e00000| Untracked 
|  36|0x0000000709000000, 0x0000000709000000, 0x0000000709200000|  0%| F|  |TAMS 0x0000000709000000, 0x0000000709000000| Untracked 
|  37|0x0000000709200000, 0x0000000709200000, 0x0000000709400000|  0%| F|  |TAMS 0x0000000709200000, 0x0000000709200000| Untracked 
|  38|0x0000000709400000, 0x0000000709400000, 0x0000000709600000|  0%| F|  |TAMS 0x0000000709400000, 0x0000000709400000| Untracked 
|  39|0x0000000709600000, 0x0000000709600000, 0x0000000709800000|  0%| F|  |TAMS 0x0000000709600000, 0x0000000709600000| Untracked 
|  40|0x0000000709800000, 0x0000000709800000, 0x0000000709a00000|  0%| F|  |TAMS 0x0000000709800000, 0x0000000709800000| Untracked 
|  41|0x0000000709a00000, 0x0000000709a00000, 0x0000000709c00000|  0%| F|  |TAMS 0x0000000709a00000, 0x0000000709a00000| Untracked 
|  42|0x0000000709c00000, 0x0000000709c00000, 0x0000000709e00000|  0%| F|  |TAMS 0x0000000709c00000, 0x0000000709c00000| Untracked 
|  43|0x0000000709e00000, 0x0000000709e00000, 0x000000070a000000|  0%| F|  |TAMS 0x0000000709e00000, 0x0000000709e00000| Untracked 
|  44|0x000000070a000000, 0x000000070a000000, 0x000000070a200000|  0%| F|  |TAMS 0x000000070a000000, 0x000000070a000000| Untracked 
|  45|0x000000070a200000, 0x000000070a200000, 0x000000070a400000|  0%| F|  |TAMS 0x000000070a200000, 0x000000070a200000| Untracked 
|  46|0x000000070a400000, 0x000000070a400000, 0x000000070a600000|  0%| F|  |TAMS 0x000000070a400000, 0x000000070a400000| Untracked 
|  47|0x000000070a600000, 0x000000070a600000, 0x000000070a800000|  0%| F|  |TAMS 0x000000070a600000, 0x000000070a600000| Untracked 
|  48|0x000000070a800000, 0x000000070a800000, 0x000000070aa00000|  0%| F|  |TAMS 0x000000070a800000, 0x000000070a800000| Untracked 
|  49|0x000000070aa00000, 0x000000070aa00000, 0x000000070ac00000|  0%| F|  |TAMS 0x000000070aa00000, 0x000000070aa00000| Untracked 
|  50|0x000000070ac00000, 0x000000070ac00000, 0x000000070ae00000|  0%| F|  |TAMS 0x000000070ac00000, 0x000000070ac00000| Untracked 
|  51|0x000000070ae00000, 0x000000070ae00000, 0x000000070b000000|  0%| F|  |TAMS 0x000000070ae00000, 0x000000070ae00000| Untracked 
|  52|0x000000070b000000, 0x000000070b000000, 0x000000070b200000|  0%| F|  |TAMS 0x000000070b000000, 0x000000070b000000| Untracked 
|  53|0x000000070b200000, 0x000000070b200000, 0x000000070b400000|  0%| F|  |TAMS 0x000000070b200000, 0x000000070b200000| Untracked 
|  54|0x000000070b400000, 0x000000070b400000, 0x000000070b600000|  0%| F|  |TAMS 0x000000070b400000, 0x000000070b400000| Untracked 
|  55|0x000000070b600000, 0x000000070b600000, 0x000000070b800000|  0%| F|  |TAMS 0x000000070b600000, 0x000000070b600000| Untracked 
|  56|0x000000070b800000, 0x000000070b800000, 0x000000070ba00000|  0%| F|  |TAMS 0x000000070b800000, 0x000000070b800000| Untracked 
|  57|0x000000070ba00000, 0x000000070ba00000, 0x000000070bc00000|  0%| F|  |TAMS 0x000000070ba00000, 0x000000070ba00000| Untracked 
|  58|0x000000070bc00000, 0x000000070bc00000, 0x000000070be00000|  0%| F|  |TAMS 0x000000070bc00000, 0x000000070bc00000| Untracked 
|  59|0x000000070be00000, 0x000000070be00000, 0x000000070c000000|  0%| F|  |TAMS 0x000000070be00000, 0x000000070be00000| Untracked 
|  60|0x000000070c000000, 0x000000070c000000, 0x000000070c200000|  0%| F|  |TAMS 0x000000070c000000, 0x000000070c000000| Untracked 
|  61|0x000000070c200000, 0x000000070c200000, 0x000000070c400000|  0%| F|  |TAMS 0x000000070c200000, 0x000000070c200000| Untracked 
|  62|0x000000070c400000, 0x000000070c400000, 0x000000070c600000|  0%| F|  |TAMS 0x000000070c400000, 0x000000070c400000| Untracked 
|  63|0x000000070c600000, 0x000000070c600000, 0x000000070c800000|  0%| F|  |TAMS 0x000000070c600000, 0x000000070c600000| Untracked 
|  64|0x000000070c800000, 0x000000070c800000, 0x000000070ca00000|  0%| F|  |TAMS 0x000000070c800000, 0x000000070c800000| Untracked 
|  65|0x000000070ca00000, 0x000000070ca00000, 0x000000070cc00000|  0%| F|  |TAMS 0x000000070ca00000, 0x000000070ca00000| Untracked 
|  66|0x000000070cc00000, 0x000000070cc00000, 0x000000070ce00000|  0%| F|  |TAMS 0x000000070cc00000, 0x000000070cc00000| Untracked 
|  67|0x000000070ce00000, 0x000000070ce00000, 0x000000070d000000|  0%| F|  |TAMS 0x000000070ce00000, 0x000000070ce00000| Untracked 
|  68|0x000000070d000000, 0x000000070d000000, 0x000000070d200000|  0%| F|  |TAMS 0x000000070d000000, 0x000000070d000000| Untracked 
|  69|0x000000070d200000, 0x000000070d200000, 0x000000070d400000|  0%| F|  |TAMS 0x000000070d200000, 0x000000070d200000| Untracked 
|  70|0x000000070d400000, 0x000000070d400000, 0x000000070d600000|  0%| F|  |TAMS 0x000000070d400000, 0x000000070d400000| Untracked 
|  71|0x000000070d600000, 0x000000070d600000, 0x000000070d800000|  0%| F|  |TAMS 0x000000070d600000, 0x000000070d600000| Untracked 
|  72|0x000000070d800000, 0x000000070d800000, 0x000000070da00000|  0%| F|  |TAMS 0x000000070d800000, 0x000000070d800000| Untracked 
|  73|0x000000070da00000, 0x000000070da00000, 0x000000070dc00000|  0%| F|  |TAMS 0x000000070da00000, 0x000000070da00000| Untracked 
|  74|0x000000070dc00000, 0x000000070dc00000, 0x000000070de00000|  0%| F|  |TAMS 0x000000070dc00000, 0x000000070dc00000| Untracked 
|  75|0x000000070de00000, 0x000000070de00000, 0x000000070e000000|  0%| F|  |TAMS 0x000000070de00000, 0x000000070de00000| Untracked 
|  76|0x000000070e000000, 0x000000070e000000, 0x000000070e200000|  0%| F|  |TAMS 0x000000070e000000, 0x000000070e000000| Untracked 
|  77|0x000000070e200000, 0x000000070e200000, 0x000000070e400000|  0%| F|  |TAMS 0x000000070e200000, 0x000000070e200000| Untracked 
|  78|0x000000070e400000, 0x000000070e400000, 0x000000070e600000|  0%| F|  |TAMS 0x000000070e400000, 0x000000070e400000| Untracked 
|  79|0x000000070e600000, 0x000000070e600000, 0x000000070e800000|  0%| F|  |TAMS 0x000000070e600000, 0x000000070e600000| Untracked 
|  80|0x000000070e800000, 0x000000070e800000, 0x000000070ea00000|  0%| F|  |TAMS 0x000000070e800000, 0x000000070e800000| Untracked 
|  81|0x000000070ea00000, 0x000000070ea00000, 0x000000070ec00000|  0%| F|  |TAMS 0x000000070ea00000, 0x000000070ea00000| Untracked 
|  82|0x000000070ec00000, 0x000000070ec00000, 0x000000070ee00000|  0%| F|  |TAMS 0x000000070ec00000, 0x000000070ec00000| Untracked 
|  83|0x000000070ee00000, 0x000000070ee00000, 0x000000070f000000|  0%| F|  |TAMS 0x000000070ee00000, 0x000000070ee00000| Untracked 
|  84|0x000000070f000000, 0x000000070f000000, 0x000000070f200000|  0%| F|  |TAMS 0x000000070f000000, 0x000000070f000000| Untracked 
|  85|0x000000070f200000, 0x000000070f200000, 0x000000070f400000|  0%| F|  |TAMS 0x000000070f200000, 0x000000070f200000| Untracked 
|  86|0x000000070f400000, 0x000000070f400000, 0x000000070f600000|  0%| F|  |TAMS 0x000000070f400000, 0x000000070f400000| Untracked 
|  87|0x000000070f600000, 0x000000070f600000, 0x000000070f800000|  0%| F|  |TAMS 0x000000070f600000, 0x000000070f600000| Untracked 
|  88|0x000000070f800000, 0x000000070f800000, 0x000000070fa00000|  0%| F|  |TAMS 0x000000070f800000, 0x000000070f800000| Untracked 
|  89|0x000000070fa00000, 0x000000070fa00000, 0x000000070fc00000|  0%| F|  |TAMS 0x000000070fa00000, 0x000000070fa00000| Untracked 
|  90|0x000000070fc00000, 0x000000070fc00000, 0x000000070fe00000|  0%| F|  |TAMS 0x000000070fc00000, 0x000000070fc00000| Untracked 
|  91|0x000000070fe00000, 0x000000070fe00000, 0x0000000710000000|  0%| F|  |TAMS 0x000000070fe00000, 0x000000070fe00000| Untracked 
|  92|0x0000000710000000, 0x0000000710000000, 0x0000000710200000|  0%| F|  |TAMS 0x0000000710000000, 0x0000000710000000| Untracked 
|  93|0x0000000710200000, 0x0000000710200000, 0x0000000710400000|  0%| F|  |TAMS 0x0000000710200000, 0x0000000710200000| Untracked 
|  94|0x0000000710400000, 0x0000000710400000, 0x0000000710600000|  0%| F|  |TAMS 0x0000000710400000, 0x0000000710400000| Untracked 
|  95|0x0000000710600000, 0x0000000710600000, 0x0000000710800000|  0%| F|  |TAMS 0x0000000710600000, 0x0000000710600000| Untracked 
|  96|0x0000000710800000, 0x0000000710800000, 0x0000000710a00000|  0%| F|  |TAMS 0x0000000710800000, 0x0000000710800000| Untracked 
|  97|0x0000000710a00000, 0x0000000710a00000, 0x0000000710c00000|  0%| F|  |TAMS 0x0000000710a00000, 0x0000000710a00000| Untracked 
|  98|0x0000000710c00000, 0x0000000710c00000, 0x0000000710e00000|  0%| F|  |TAMS 0x0000000710c00000, 0x0000000710c00000| Untracked 
|  99|0x0000000710e00000, 0x0000000710e00000, 0x0000000711000000|  0%| F|  |TAMS 0x0000000710e00000, 0x0000000710e00000| Untracked 
| 100|0x0000000711000000, 0x0000000711000000, 0x0000000711200000|  0%| F|  |TAMS 0x0000000711000000, 0x0000000711000000| Untracked 
| 101|0x0000000711200000, 0x0000000711200000, 0x0000000711400000|  0%| F|  |TAMS 0x0000000711200000, 0x0000000711200000| Untracked 
| 102|0x0000000711400000, 0x0000000711400000, 0x0000000711600000|  0%| F|  |TAMS 0x0000000711400000, 0x0000000711400000| Untracked 
| 103|0x0000000711600000, 0x0000000711600000, 0x0000000711800000|  0%| F|  |TAMS 0x0000000711600000, 0x0000000711600000| Untracked 
| 104|0x0000000711800000, 0x0000000711800000, 0x0000000711a00000|  0%| F|  |TAMS 0x0000000711800000, 0x0000000711800000| Untracked 
| 105|0x0000000711a00000, 0x0000000711a00000, 0x0000000711c00000|  0%| F|  |TAMS 0x0000000711a00000, 0x0000000711a00000| Untracked 
| 106|0x0000000711c00000, 0x0000000711c00000, 0x0000000711e00000|  0%| F|  |TAMS 0x0000000711c00000, 0x0000000711c00000| Untracked 
| 107|0x0000000711e00000, 0x0000000711e00000, 0x0000000712000000|  0%| F|  |TAMS 0x0000000711e00000, 0x0000000711e00000| Untracked 
| 108|0x0000000712000000, 0x0000000712000000, 0x0000000712200000|  0%| F|  |TAMS 0x0000000712000000, 0x0000000712000000| Untracked 
| 109|0x0000000712200000, 0x0000000712200000, 0x0000000712400000|  0%| F|  |TAMS 0x0000000712200000, 0x0000000712200000| Untracked 
| 110|0x0000000712400000, 0x0000000712400000, 0x0000000712600000|  0%| F|  |TAMS 0x0000000712400000, 0x0000000712400000| Untracked 
| 111|0x0000000712600000, 0x0000000712600000, 0x0000000712800000|  0%| F|  |TAMS 0x0000000712600000, 0x0000000712600000| Untracked 
| 112|0x0000000712800000, 0x0000000712800000, 0x0000000712a00000|  0%| F|  |TAMS 0x0000000712800000, 0x0000000712800000| Untracked 
| 113|0x0000000712a00000, 0x0000000712c00000, 0x0000000712c00000|100%| S|CS|TAMS 0x0000000712a00000, 0x0000000712a00000| Complete 
| 114|0x0000000712c00000, 0x0000000712e00000, 0x0000000712e00000|100%| S|CS|TAMS 0x0000000712c00000, 0x0000000712c00000| Complete 
| 115|0x0000000712e00000, 0x0000000712f0aa60, 0x0000000713000000| 52%| E|  |TAMS 0x0000000712e00000, 0x0000000712e00000| Complete 
| 116|0x0000000713000000, 0x0000000713200000, 0x0000000713200000|100%| E|CS|TAMS 0x0000000713000000, 0x0000000713000000| Complete 
| 117|0x0000000713200000, 0x0000000713400000, 0x0000000713400000|100%| E|CS|TAMS 0x0000000713200000, 0x0000000713200000| Complete 
| 118|0x0000000713400000, 0x0000000713600000, 0x0000000713600000|100%| E|CS|TAMS 0x0000000713400000, 0x0000000713400000| Complete 
| 119|0x0000000713600000, 0x0000000713800000, 0x0000000713800000|100%| E|CS|TAMS 0x0000000713600000, 0x0000000713600000| Complete 
| 120|0x0000000713800000, 0x0000000713a00000, 0x0000000713a00000|100%| E|CS|TAMS 0x0000000713800000, 0x0000000713800000| Complete 
| 121|0x0000000713a00000, 0x0000000713c00000, 0x0000000713c00000|100%| E|CS|TAMS 0x0000000713a00000, 0x0000000713a00000| Complete 
| 122|0x0000000713c00000, 0x0000000713e00000, 0x0000000713e00000|100%| E|CS|TAMS 0x0000000713c00000, 0x0000000713c00000| Complete 
| 123|0x0000000713e00000, 0x0000000714000000, 0x0000000714000000|100%| E|CS|TAMS 0x0000000713e00000, 0x0000000713e00000| Complete 
| 124|0x0000000714000000, 0x0000000714200000, 0x0000000714200000|100%| E|CS|TAMS 0x0000000714000000, 0x0000000714000000| Complete 
| 125|0x0000000714200000, 0x0000000714400000, 0x0000000714400000|100%| E|CS|TAMS 0x0000000714200000, 0x0000000714200000| Complete 

Card table byte_map: [0x00000252ee2d0000,0x00000252eeab0000] _byte_map_base: 0x00000252eaaac000

Marking Bits (Prev, Next): (CMBitMap*) 0x00000252d65792d0, (CMBitMap*) 0x00000252d6579310
 Prev Bits: [0x00000252ef290000, 0x00000252f3170000)
 Next Bits: [0x00000252f3170000, 0x00000252f7050000)

Polling page: 0x00000252d4c40000

Metaspace:

Usage:
  Non-class:     15.80 MB used.
      Class:      2.03 MB used.
       Both:     17.83 MB used.

Virtual space:
  Non-class space:       64.00 MB reserved,      15.94 MB ( 25%) committed,  1 nodes.
      Class space:        1.00 GB reserved,       2.19 MB ( <1%) committed,  1 nodes.
             Both:        1.06 GB reserved,      18.12 MB (  2%) committed. 

Chunk freelists:
   Non-Class:  65.00 KB
       Class:  13.74 MB
        Both:  13.81 MB

MaxMetaspaceSize: unlimited
CompressedClassSpaceSize: 1.00 GB
Initial GC threshold: 21.00 MB
Current GC threshold: 21.00 MB
CDS: on
MetaspaceReclaimPolicy: balanced
 - commit_granule_bytes: 65536.
 - commit_granule_words: 8192.
 - virtual_space_node_default_size: 8388608.
 - enlarge_chunks_in_place: 1.
 - new_chunks_are_fully_committed: 0.
 - uncommit_free_chunks: 1.
 - use_allocation_guard: 0.
 - handle_deallocations: 1.


Internal statistics:

num_allocs_failed_limit: 0.
num_arena_births: 304.
num_arena_deaths: 0.
num_vsnodes_births: 2.
num_vsnodes_deaths: 0.
num_space_committed: 290.
num_space_uncommitted: 0.
num_chunks_returned_to_freelist: 0.
num_chunks_taken_from_freelist: 554.
num_chunk_merges: 0.
num_chunk_splits: 312.
num_chunks_enlarged: 136.
num_inconsistent_stats: 0.

CodeHeap 'non-profiled nmethods': size=120000Kb used=1445Kb max_used=1445Kb free=118554Kb
 bounds [0x00000252e5b60000, 0x00000252e5dd0000, 0x00000252ed090000]
CodeHeap 'profiled nmethods': size=120000Kb used=5136Kb max_used=5136Kb free=114863Kb
 bounds [0x00000252de090000, 0x00000252de5a0000, 0x00000252e55c0000]
CodeHeap 'non-nmethods': size=5760Kb used=1349Kb max_used=1424Kb free=4410Kb
 bounds [0x00000252e55c0000, 0x00000252e5830000, 0x00000252e5b60000]
 total_blobs=3586 nmethods=2900 adapters=598
 compilation: enabled
              stopped_count=0, restarted_count=0
 full_count=0

Compilation events (20 events):
Event: 3711.629 Thread 0x00000252f9b389e0 nmethod 2890 0x00000252e5cc4510 code [0x00000252e5cc4700, 0x00000252e5cc4aa0]
Event: 3721.735 Thread 0x00000252f9b389e0 2891       4       javax.swing.DefaultBoundedRangeModel::setRangeProperties (134 bytes)
Event: 3721.740 Thread 0x00000252f9b389e0 nmethod 2891 0x00000252e5cc4f10 code [0x00000252e5cc50a0, 0x00000252e5cc5318]
Event: 3727.816 Thread 0x00000252f9b389e0 2892       4       javax.swing.text.FieldView::adjustAllocation (358 bytes)
Event: 3727.826 Thread 0x00000252f9b389e0 nmethod 2892 0x00000252e5cc5510 code [0x00000252e5cc56e0, 0x00000252e5cc5cf8]
Event: 3738.979 Thread 0x00000252f9b389e0 2893       4       java.awt.geom.Rectangle2D::<init> (5 bytes)
Event: 3738.979 Thread 0x00000252f9b389e0 nmethod 2893 0x00000252e5cc6410 code [0x00000252e5cc6580, 0x00000252e5cc65f8]
Event: 3751.149 Thread 0x00000252f9b389e0 2894  s!   4       javax.swing.text.AbstractDocument::readLock (51 bytes)
Event: 3751.152 Thread 0x00000252f9b389e0 nmethod 2894 0x00000252e5cc6710 code [0x00000252e5cc6880, 0x00000252e5cc6a58]
Event: 3751.152 Thread 0x00000252f9b389e0 2895  s    4       javax.swing.text.AbstractDocument::readUnlock (44 bytes)
Event: 3751.156 Thread 0x00000252f9b389e0 nmethod 2895 0x00000252e5cc6b10 code [0x00000252e5cc6ca0, 0x00000252e5cc6fa8]
Event: 3767.360 Thread 0x00000252f9b389e0 2896       4       javax.swing.plaf.basic.BasicTextUI::getVisibleEditorRect (111 bytes)
Event: 3767.368 Thread 0x00000252f9b389e0 nmethod 2896 0x00000252e5cc7090 code [0x00000252e5cc7220, 0x00000252e5cc74b8]
Event: 3769.392 Thread 0x00000252f9b389e0 2897       4       javax.swing.text.PlainView::lineToRect (95 bytes)
Event: 3769.413 Thread 0x00000252f9b389e0 nmethod 2897 0x00000252e5cc7710 code [0x00000252e5cc7920, 0x00000252e5cc7ee0]
Event: 3793.299 Thread 0x00000252f9b389e0 2898       4       sun.java2d.SunGraphics2D::dispose (12 bytes)
Event: 3793.313 Thread 0x00000252f9b389e0 nmethod 2898 0x00000252e5cc8510 code [0x00000252e5cc86a0, 0x00000252e5cc8d38]
Event: 3815.195 Thread 0x00000252f9b389e0 2899       4       javax.swing.JComponent::setFlag (34 bytes)
Event: 3815.197 Thread 0x00000252f9b389e0 nmethod 2899 0x00000252e5cc8d90 code [0x00000252e5cc8f00, 0x00000252e5cc8fb8]
Event: 3907.402 Thread 0x00000252f9b389e0 2900       4       sun.util.logging.PlatformLogger::isLoggable (23 bytes)

GC Heap History (2 events):
Event: 29.300 GC heap before
{Heap before GC invocations=0 (full 0):
 garbage-first heap   total 258048K, used 20480K [0x0000000704800000, 0x0000000800000000)
  region size 2048K, 11 young (22528K), 0 survivors (0K)
 Metaspace       used 15420K, committed 15616K, reserved 1114112K
  class space    used 1802K, committed 1920K, reserved 1048576K
}
Event: 29.312 GC heap after
{Heap after GC invocations=1 (full 0):
 garbage-first heap   total 258048K, used 4637K [0x0000000704800000, 0x0000000800000000)
  region size 2048K, 2 young (4096K), 2 survivors (4096K)
 Metaspace       used 15420K, committed 15616K, reserved 1114112K
  class space    used 1802K, committed 1920K, reserved 1048576K
}

Dll operation events (13 events):
Event: 0.022 Loaded shared library C:\Program Files\Eclipse Adoptium\jdk-17.0.14.7-hotspot\bin\java.dll
Event: 0.060 Loaded shared library C:\Program Files\Eclipse Adoptium\jdk-17.0.14.7-hotspot\bin\jsvml.dll
Event: 0.154 Loaded shared library C:\Program Files\Eclipse Adoptium\jdk-17.0.14.7-hotspot\bin\jimage.dll
Event: 0.170 Loaded shared library C:\Program Files\Eclipse Adoptium\jdk-17.0.14.7-hotspot\bin\net.dll
Event: 0.174 Loaded shared library C:\Program Files\Eclipse Adoptium\jdk-17.0.14.7-hotspot\bin\nio.dll
Event: 0.183 Loaded shared library C:\Program Files\Eclipse Adoptium\jdk-17.0.14.7-hotspot\bin\zip.dll
Event: 0.239 Loaded shared library C:\Program Files\Eclipse Adoptium\jdk-17.0.14.7-hotspot\bin\awt.dll
Event: 1.535 Loaded shared library C:\Program Files\Eclipse Adoptium\jdk-17.0.14.7-hotspot\bin\extnet.dll
Event: 1.704 Loaded shared library C:\Program Files\Eclipse Adoptium\jdk-17.0.14.7-hotspot\bin\management.dll
Event: 1.711 Loaded shared library C:\Program Files\Eclipse Adoptium\jdk-17.0.14.7-hotspot\bin\management_ext.dll
Event: 2.235 Loaded shared library C:\Program Files\Eclipse Adoptium\jdk-17.0.14.7-hotspot\bin\sunmscapi.dll
Event: 37.544 Loaded shared library C:\Program Files\Eclipse Adoptium\jdk-17.0.14.7-hotspot\bin\freetype.dll
Event: 37.547 Loaded shared library C:\Program Files\Eclipse Adoptium\jdk-17.0.14.7-hotspot\bin\fontmanager.dll

Deoptimization events (20 events):
Event: 3907.401 Thread 0x00000252f9eb2160 Uncommon trap: trap_request=0xffffffde fr.pc=0x00000252e5cc25a8 relative=0x0000000000000108
Event: 3907.401 Thread 0x00000252f9eb2160 Uncommon trap: reason=class_check action=maybe_recompile pc=0x00000252e5cc25a8 method=javax.swing.plaf.basic.BasicBorders$MarginBorder.getBorderInsets(Ljava/awt/Component;Ljava/awt/Insets;)Ljava/awt/Insets; @ 47 c2
Event: 3907.401 Thread 0x00000252f9eb2160 DEOPT PACKING pc=0x00000252e5cc25a8 sp=0x000000be3f0fe8d0
Event: 3907.401 Thread 0x00000252f9eb2160 DEOPT UNPACKING pc=0x00000252e56169a3 sp=0x000000be3f0fe848 mode 2
Event: 3907.401 Thread 0x00000252f9eb2160 Uncommon trap: trap_request=0xffffff45 fr.pc=0x00000252e5cc51a4 relative=0x0000000000000104
Event: 3907.401 Thread 0x00000252f9eb2160 Uncommon trap: reason=unstable_if action=reinterpret pc=0x00000252e5cc51a4 method=javax.swing.DefaultBoundedRangeModel.setRangeProperties(IIIIZ)V @ 61 c2
Event: 3907.401 Thread 0x00000252f9eb2160 DEOPT PACKING pc=0x00000252e5cc51a4 sp=0x000000be3f0fe690
Event: 3907.401 Thread 0x00000252f9eb2160 DEOPT UNPACKING pc=0x00000252e56169a3 sp=0x000000be3f0fe630 mode 2
Event: 3907.402 Thread 0x00000252f9eb2160 Uncommon trap: trap_request=0xffffffde fr.pc=0x00000252e5cc4128 relative=0x0000000000000188
Event: 3907.402 Thread 0x00000252f9eb2160 Uncommon trap: reason=class_check action=maybe_recompile pc=0x00000252e5cc4128 method=javax.swing.border.CompoundBorder.getBorderInsets(Ljava/awt/Component;Ljava/awt/Insets;)Ljava/awt/Insets; @ 32 c2
Event: 3907.402 Thread 0x00000252f9eb2160 DEOPT PACKING pc=0x00000252e5cc4128 sp=0x000000be3f0fe9b0
Event: 3907.402 Thread 0x00000252f9eb2160 DEOPT UNPACKING pc=0x00000252e56169a3 sp=0x000000be3f0fe938 mode 2
Event: 3907.402 Thread 0x00000252f9eb2160 Uncommon trap: trap_request=0xffffffde fr.pc=0x00000252e5cc4128 relative=0x0000000000000188
Event: 3907.402 Thread 0x00000252f9eb2160 Uncommon trap: reason=class_check action=maybe_recompile pc=0x00000252e5cc4128 method=javax.swing.border.CompoundBorder.getBorderInsets(Ljava/awt/Component;Ljava/awt/Insets;)Ljava/awt/Insets; @ 32 c2
Event: 3907.402 Thread 0x00000252f9eb2160 DEOPT PACKING pc=0x00000252e5cc4128 sp=0x000000be3f0fe9b0
Event: 3907.402 Thread 0x00000252f9eb2160 DEOPT UNPACKING pc=0x00000252e56169a3 sp=0x000000be3f0fe938 mode 2
Event: 3907.402 Thread 0x00000252f9eb2160 Uncommon trap: trap_request=0xffffffde fr.pc=0x00000252e5cc4128 relative=0x0000000000000188
Event: 3907.402 Thread 0x00000252f9eb2160 Uncommon trap: reason=class_check action=maybe_recompile pc=0x00000252e5cc4128 method=javax.swing.border.CompoundBorder.getBorderInsets(Ljava/awt/Component;Ljava/awt/Insets;)Ljava/awt/Insets; @ 32 c2
Event: 3907.402 Thread 0x00000252f9eb2160 DEOPT PACKING pc=0x00000252e5cc4128 sp=0x000000be3f0fe9b0
Event: 3907.402 Thread 0x00000252f9eb2160 DEOPT UNPACKING pc=0x00000252e56169a3 sp=0x000000be3f0fe938 mode 2

Classes loaded (20 events):
Event: 39.996 Loading class java/util/concurrent/ForkJoinPool$ManagedBlocker
Event: 39.996 Loading class java/util/concurrent/ForkJoinPool$ManagedBlocker done
Event: 39.996 Loading class java/awt/TextComponent done
Event: 39.996 Loading class java/util/concurrent/locks/AbstractQueuedSynchronizer$Node
Event: 39.996 Loading class java/util/concurrent/locks/AbstractQueuedSynchronizer$Node done
Event: 39.996 Loading class java/util/concurrent/locks/AbstractQueuedSynchronizer$ConditionNode done
Event: 40.500 Loading class javax/swing/Timer$1
Event: 40.500 Loading class javax/swing/Timer$1 done
Event: 40.500 Loading class java/util/concurrent/locks/AbstractQueuedSynchronizer$ExclusiveNode
Event: 40.500 Loading class java/util/concurrent/locks/AbstractQueuedSynchronizer$ExclusiveNode done
Event: 52.092 Loading class java/awt/desktop/SystemSleepListener
Event: 52.092 Loading class java/awt/desktop/SystemEventListener
Event: 52.093 Loading class java/awt/desktop/SystemEventListener done
Event: 52.093 Loading class java/awt/desktop/SystemSleepListener done
Event: 1932.824 Loading class java/util/WeakHashMap$KeyIterator
Event: 1932.824 Loading class java/util/WeakHashMap$HashIterator
Event: 1932.824 Loading class java/util/WeakHashMap$HashIterator done
Event: 1932.825 Loading class java/util/WeakHashMap$KeyIterator done
Event: 1932.833 Loading class javax/swing/RepaintManager$DisplayChangedRunnable
Event: 1932.833 Loading class javax/swing/RepaintManager$DisplayChangedRunnable done

Classes unloaded (0 events):
No events

Classes redefined (0 events):
No events

Internal exceptions (20 events):
Event: 0.858 Thread 0x00000252f9eb2160 Exception <a 'java/lang/NoSuchMethodError'{0x0000000713cbfcc8}: 'int java.lang.invoke.DirectMethodHandle$Holder.invokeStaticInit(java.lang.Object, java.lang.Object)'> (0x0000000713cbfcc8) 
thrown [s\src\hotspot\share\interpreter\linkResolver.cpp, line 759]
Event: 1.733 Thread 0x00000252f9eb2160 Exception <a 'java/lang/NoSuchMethodError'{0x0000000713dbaa18}: 'int java.lang.invoke.DirectMethodHandle$Holder.invokeSpecial(java.lang.Object, java.lang.Object, java.lang.Object)'> (0x0000000713dbaa18) 
thrown [s\src\hotspot\share\interpreter\linkResolver.cpp, line 759]
Event: 2.330 Thread 0x00000252f9eb2160 Exception <a 'sun/nio/fs/WindowsException'{0x0000000713af4248}> (0x0000000713af4248) 
thrown [s\src\hotspot\share\prims\jni.cpp, line 516]
Event: 2.447 Thread 0x00000252f9eb2160 Exception <a 'java/lang/NoSuchMethodError'{0x0000000713bbe568}: 'java.lang.Object java.lang.invoke.DirectMethodHandle$Holder.invokeStaticInit(java.lang.Object, int, int, int, int)'> (0x0000000713bbe568) 
thrown [s\src\hotspot\share\interpreter\linkResolver.cpp, line 759]
Event: 2.620 Thread 0x00000252f9eb2160 Exception <a 'java/lang/NoSuchMethodError'{0x0000000713899030}: 'java.lang.Object java.lang.invoke.DirectMethodHandle$Holder.invokeStaticInit(java.lang.Object, java.lang.Object, int, int, int, int)'> (0x0000000713899030) 
thrown [s\src\hotspot\share\interpreter\linkResolver.cpp, line 759]
Event: 4.261 Thread 0x00000252f9eb2160 Exception <a 'java/lang/NoSuchMethodError'{0x00000007137548c8}: 'java.lang.Object java.lang.invoke.DirectMethodHandle$Holder.invokeSpecialIFC(java.lang.Object, java.lang.Object, java.lang.Object, java.lang.Object)'> (0x00000007137548c8) 
thrown [s\src\hotspot\share\interpreter\linkResolver.cpp, line 759]
Event: 4.321 Thread 0x00000252f9eb2160 Exception <a 'java/lang/NoSuchMethodError'{0x00000007137fdea8}: 'int java.lang.invoke.DirectMethodHandle$Holder.invokeInterface(java.lang.Object, java.lang.Object, int)'> (0x00000007137fdea8) 
thrown [s\src\hotspot\share\interpreter\linkResolver.cpp, line 759]
Event: 4.322 Thread 0x00000252f9eb2160 Exception <a 'java/lang/IncompatibleClassChangeError'{0x00000007134081a8}: Found class java.lang.Object, but interface was expected> (0x00000007134081a8) 
thrown [s\src\hotspot\share\interpreter\linkResolver.cpp, line 826]
Event: 4.576 Thread 0x00000252f9eb2160 Exception <a 'java/lang/NoSuchMethodError'{0x000000071347dc50}: 'void java.lang.invoke.DirectMethodHandle$Holder.invokeStatic(java.lang.Object, java.lang.Object, java.lang.Object)'> (0x000000071347dc50) 
thrown [s\src\hotspot\share\interpreter\linkResolver.cpp, line 759]
Event: 5.774 Thread 0x00000252f9eb2160 Exception <a 'java/lang/NoSuchMethodError'{0x00000007133237d0}: 'java.lang.Object java.lang.invoke.DirectMethodHandle$Holder.invokeStaticInit(java.lang.Object, java.lang.Object, java.lang.Object)'> (0x00000007133237d0) 
thrown [s\src\hotspot\share\interpreter\linkResolver.cpp, line 759]
Event: 9.746 Thread 0x00000252f9eb2160 Implicit null exception at 0x00000252e5bc5ed3 to 0x00000252e5bc6768
Event: 9.749 Thread 0x00000252f9eb2160 Implicit null exception at 0x00000252e5bcbb63 to 0x00000252e5bd36ec
Event: 25.912 Thread 0x00000252f9eb2160 Exception <a 'sun/net/ConnectionResetException'{0x0000000712f6fc48}: Connection reset> (0x0000000712f6fc48) 
thrown [s\src\hotspot\share\prims\jni.cpp, line 535]
Event: 37.481 Thread 0x00000252f9eb2160 Exception <a 'java/lang/NoSuchMethodError'{0x0000000714302fc8}: 'java.lang.Object java.lang.invoke.DirectMethodHandle$Holder.invokeSpecial(java.lang.Object, java.lang.Object, int, java.lang.Object, java.lang.Object)'> (0x0000000714302fc8) 
thrown [s\src\hotspot\share\interpreter\linkResolver.cpp, line 759]
Event: 37.482 Thread 0x00000252f9eb2160 Exception <a 'java/lang/NoSuchMethodError'{0x0000000714306b90}: 'java.lang.Object java.lang.invoke.Invokers$Holder.linkToTargetMethod(int, java.lang.Object, java.lang.Object, java.lang.Object)'> (0x0000000714306b90) 
thrown [s\src\hotspot\share\interpreter\linkResolver.cpp, line 759]
Event: 37.530 Thread 0x00000252f9eb2160 Exception <a 'java/lang/NoSuchMethodError'{0x00000007143d6118}: 'java.lang.Object java.lang.invoke.DirectMethodHandle$Holder.invokeSpecial(java.lang.Object, java.lang.Object, long, java.lang.Object, java.lang.Object, java.lang.Object, int, java.lang.Object, int)'> (0x00000007143d6118) 
thrown [s\src\hotspot\share\interpreter\linkResolver.cpp, line 759]
Event: 37.531 Thread 0x00000252f9eb2160 Exception <a 'java/lang/NoSuchMethodError'{0x00000007143da170}: 'java.lang.Object java.lang.invoke.DelegatingMethodHandle$Holder.reinvoke_L(java.lang.Object, long, java.lang.Object, java.lang.Object, java.lang.Object, int, java.lang.Object, int)'> (0x00000007143da170) 
thrown [s\src\hotspot\share\interpreter\linkResolver.cpp, line 759]
Event: 39.643 Thread 0x00000252f9eb2160 Exception <a 'java/lang/NoSuchMethodError'{0x00000007140fe1c8}: 'java.lang.Object java.lang.invoke.DirectMethodHandle$Holder.invokeSpecial(java.lang.Object, java.lang.Object, int, java.lang.Object, int)'> (0x00000007140fe1c8) 
thrown [s\src\hotspot\share\interpreter\linkResolver.cpp, line 759]
Event: 39.660 Thread 0x00000252f9ea86f0 Exception <a 'java/lang/NoSuchMethodError'{0x000000071415ac98}: 'void java.lang.invoke.DirectMethodHandle$Holder.invokeVirtual(java.lang.Object, java.lang.Object)'> (0x000000071415ac98) 
thrown [s\src\hotspot\share\interpreter\linkResolver.cpp, line 759]
Event: 39.684 Thread 0x00000252f9eb2160 Exception <a 'java/lang/NoSuchMethodError'{0x000000071412c7d8}: 'void java.lang.invoke.DirectMethodHandle$Holder.invokeStaticInit(java.lang.Object)'> (0x000000071412c7d8) 
thrown [s\src\hotspot\share\interpreter\linkResolver.cpp, line 759]

VM Operations (20 events):
Event: 2998.346 Executing VM operation: Cleanup
Event: 2998.347 Executing VM operation: Cleanup done
Event: 3226.750 Executing VM operation: Cleanup
Event: 3226.750 Executing VM operation: Cleanup done
Event: 3254.964 Executing VM operation: Cleanup
Event: 3254.964 Executing VM operation: Cleanup done
Event: 3264.002 Executing VM operation: Cleanup
Event: 3264.002 Executing VM operation: Cleanup done
Event: 3286.147 Executing VM operation: Cleanup
Event: 3286.147 Executing VM operation: Cleanup done
Event: 3312.433 Executing VM operation: HandshakeAllThreads
Event: 3312.433 Executing VM operation: HandshakeAllThreads done
Event: 3452.452 Executing VM operation: Cleanup
Event: 3452.452 Executing VM operation: Cleanup done
Event: 3553.984 Executing VM operation: Cleanup
Event: 3553.984 Executing VM operation: Cleanup done
Event: 3577.154 Executing VM operation: Cleanup
Event: 3577.154 Executing VM operation: Cleanup done
Event: 3713.081 Executing VM operation: Cleanup
Event: 3713.081 Executing VM operation: Cleanup done

Memory protections (0 events):
No events

Nmethod flushes (0 events):
No events

Events (20 events):
Event: 0.401 Thread 0x00000252d65072f0 Thread added: 0x00000252f9ebab60
Event: 0.406 Thread 0x00000252d65072f0 Thread added: 0x00000252f9ea86f0
Event: 0.430 Thread 0x00000252d65072f0 Thread added: 0x00000252f9eb2160
Event: 0.431 Thread 0x00000252d65072f0 Thread exited: 0x00000252d65072f0
Event: 0.431 Thread 0x00000252d65072f0 Thread added: 0x00000252d65072f0
Event: 2.271 Thread 0x00000252f9b389e0 Thread added: 0x00000252fedce190
Event: 2.585 Thread 0x00000252fedce190 Thread exited: 0x00000252fedce190
Event: 2.759 Thread 0x00000252f9b67730 Thread added: 0x00000252fee963f0
Event: 3.745 Thread 0x00000252fee963f0 Thread exited: 0x00000252fee963f0
Event: 4.498 Thread 0x00000252f9b389e0 Thread added: 0x00000252ff003950
Event: 5.256 Thread 0x00000252ff003950 Thread exited: 0x00000252ff003950
Event: 5.726 Thread 0x00000252f9b67730 Thread added: 0x00000252ff428a30
Event: 5.780 Thread 0x00000252f9eb2160 Thread added: 0x00000252c1a61560
Event: 6.291 Thread 0x00000252ff428a30 Thread exited: 0x00000252ff428a30
Event: 8.144 Thread 0x00000252f9b67730 Thread added: 0x00000252ff427800
Event: 9.331 Thread 0x00000252ff427800 Thread exited: 0x00000252ff427800
Event: 10.162 Thread 0x00000252f9b67730 Thread added: 0x00000252ff0d4140
Event: 10.478 Thread 0x00000252ff0d4140 Thread exited: 0x00000252ff0d4140
Event: 39.995 Thread 0x00000252f9eb2160 Thread added: 0x00000252fee599e0
Event: 1939.050 Thread 0x00000252c1a61560 Thread exited: 0x00000252c1a61560


Dynamic libraries:
0x00007ff66ff60000 - 0x00007ff66ff6e000 	C:\Program Files\Eclipse Adoptium\jdk-17.0.14.7-hotspot\bin\java.exe
0x00007ff9f5c60000 - 0x00007ff9f5ec6000 	C:\WINDOWS\SYSTEM32\ntdll.dll
0x00007ff9f46a0000 - 0x00007ff9f4769000 	C:\WINDOWS\System32\KERNEL32.DLL
0x00007ff9f3560000 - 0x00007ff9f392c000 	C:\WINDOWS\System32\KERNELBASE.dll
0x00007ff9f3010000 - 0x00007ff9f315b000 	C:\WINDOWS\System32\ucrtbase.dll
0x00007ff9ebd10000 - 0x00007ff9ebd27000 	C:\Program Files\Eclipse Adoptium\jdk-17.0.14.7-hotspot\bin\jli.dll
0x00007ff9f44b0000 - 0x00007ff9f467a000 	C:\WINDOWS\System32\USER32.dll
0x00007ff9f3930000 - 0x00007ff9f3957000 	C:\WINDOWS\System32\win32u.dll
0x00007ff9f4480000 - 0x00007ff9f44ab000 	C:\WINDOWS\System32\GDI32.dll
0x00007ff9f3210000 - 0x00007ff9f3342000 	C:\WINDOWS\System32\gdi32full.dll
0x00007ff9eabe0000 - 0x00007ff9eabfe000 	C:\Program Files\Eclipse Adoptium\jdk-17.0.14.7-hotspot\bin\VCRUNTIME140.dll
0x00007ff9f3160000 - 0x00007ff9f3203000 	C:\WINDOWS\System32\msvcp_win.dll
0x00007ff9d91f0000 - 0x00007ff9d948a000 	C:\WINDOWS\WinSxS\amd64_microsoft.windows.common-controls_6595b64144ccf1df_6.0.26100.3912_none_3e07963ce335137e\COMCTL32.dll
0x00007ff9f54b0000 - 0x00007ff9f5559000 	C:\WINDOWS\System32\msvcrt.dll
0x00007ff9f5470000 - 0x00007ff9f54a0000 	C:\WINDOWS\System32\IMM32.DLL
0x00007ff9ec790000 - 0x00007ff9ec79c000 	C:\Program Files\Eclipse Adoptium\jdk-17.0.14.7-hotspot\bin\vcruntime140_1.dll
0x00007ff9c91f0000 - 0x00007ff9c927d000 	C:\Program Files\Eclipse Adoptium\jdk-17.0.14.7-hotspot\bin\msvcp140.dll
0x00007ff96d0c0000 - 0x00007ff96dd2b000 	C:\Program Files\Eclipse Adoptium\jdk-17.0.14.7-hotspot\bin\server\jvm.dll
0x00007ff9f3aa0000 - 0x00007ff9f3b52000 	C:\WINDOWS\System32\ADVAPI32.dll
0x00007ff9f5b70000 - 0x00007ff9f5c16000 	C:\WINDOWS\System32\sechost.dll
0x00007ff9f3e40000 - 0x00007ff9f3f56000 	C:\WINDOWS\System32\RPCRT4.dll
0x00007ff9f3a20000 - 0x00007ff9f3a94000 	C:\WINDOWS\System32\WS2_32.dll
0x00007ff9db5b0000 - 0x00007ff9db5e6000 	C:\WINDOWS\SYSTEM32\WINMM.dll
0x00007ff9f2c40000 - 0x00007ff9f2c9e000 	C:\WINDOWS\SYSTEM32\POWRPROF.dll
0x00007ff9e4450000 - 0x00007ff9e445b000 	C:\WINDOWS\SYSTEM32\VERSION.dll
0x00007ff9f2c20000 - 0x00007ff9f2c34000 	C:\WINDOWS\SYSTEM32\UMPDC.dll
0x00007ff9f1bb0000 - 0x00007ff9f1bca000 	C:\WINDOWS\SYSTEM32\kernel.appcore.dll
0x00007ff9ec130000 - 0x00007ff9ec13a000 	C:\Program Files\Eclipse Adoptium\jdk-17.0.14.7-hotspot\bin\jimage.dll
0x00007ff9f0510000 - 0x00007ff9f0751000 	C:\WINDOWS\SYSTEM32\DBGHELP.DLL
0x00007ff9f57e0000 - 0x00007ff9f5b64000 	C:\WINDOWS\System32\combase.dll
0x00007ff9f56e0000 - 0x00007ff9f57c0000 	C:\WINDOWS\System32\OLEAUT32.dll
0x00007ff9d66c0000 - 0x00007ff9d66f9000 	C:\WINDOWS\SYSTEM32\dbgcore.DLL
0x00007ff9f2f70000 - 0x00007ff9f3009000 	C:\WINDOWS\System32\bcryptPrimitives.dll
0x00007ff9db7e0000 - 0x00007ff9db805000 	C:\Program Files\Eclipse Adoptium\jdk-17.0.14.7-hotspot\bin\java.dll
0x00007ff9c5730000 - 0x00007ff9c5807000 	C:\Program Files\Eclipse Adoptium\jdk-17.0.14.7-hotspot\bin\jsvml.dll
0x00007ff9f4b90000 - 0x00007ff9f52bd000 	C:\WINDOWS\System32\SHELL32.dll
0x00007ff9f2df0000 - 0x00007ff9f2f64000 	C:\WINDOWS\System32\wintypes.dll
0x00007ff9f0aa0000 - 0x00007ff9f12f6000 	C:\WINDOWS\SYSTEM32\windows.storage.dll
0x00007ff9f52c0000 - 0x00007ff9f53af000 	C:\WINDOWS\System32\SHCORE.dll
0x00007ff9f4b20000 - 0x00007ff9f4b89000 	C:\WINDOWS\System32\shlwapi.dll
0x00007ff9f2d00000 - 0x00007ff9f2d2f000 	C:\WINDOWS\SYSTEM32\profapi.dll
0x00007ff9e4dc0000 - 0x00007ff9e4dd9000 	C:\Program Files\Eclipse Adoptium\jdk-17.0.14.7-hotspot\bin\net.dll
0x00007ff9eb6f0000 - 0x00007ff9eb80e000 	C:\WINDOWS\SYSTEM32\WINHTTP.dll
0x00007ff9f2120000 - 0x00007ff9f218a000 	C:\WINDOWS\system32\mswsock.dll
0x00007ff9dc710000 - 0x00007ff9dc726000 	C:\Program Files\Eclipse Adoptium\jdk-17.0.14.7-hotspot\bin\nio.dll
0x00007ff9dc4e0000 - 0x00007ff9dc4f8000 	C:\Program Files\Eclipse Adoptium\jdk-17.0.14.7-hotspot\bin\zip.dll
0x00007ff9bf470000 - 0x00007ff9bf600000 	C:\Program Files\Eclipse Adoptium\jdk-17.0.14.7-hotspot\bin\awt.dll
0x00007ff9ef9c0000 - 0x00007ff9efa5e000 	C:\WINDOWS\SYSTEM32\apphelp.dll
0x00007ff9efbd0000 - 0x00007ff9efc7f000 	C:\WINDOWS\system32\uxtheme.dll
0x00007ff9f49b0000 - 0x00007ff9f4b0f000 	C:\WINDOWS\System32\MSCTF.dll
0x00007ff9f47f0000 - 0x00007ff9f498f000 	C:\WINDOWS\System32\ole32.dll
0x00007ff9eff40000 - 0x00007ff9eff76000 	C:\WINDOWS\system32\DWMAPI.DLL
0x00007ff9af9f0000 - 0x00007ff9afafc000 	C:\WINDOWS\system32\opengl32.dll
0x00007ff9b13e0000 - 0x00007ff9b140d000 	C:\WINDOWS\SYSTEM32\GLU32.dll
0x00007ff9efd00000 - 0x00007ff9efd47000 	C:\WINDOWS\SYSTEM32\dxcore.dll
0x00007ff9f1680000 - 0x00007ff9f17a7000 	C:\WINDOWS\SYSTEM32\DNSAPI.dll
0x00007ff9f15f0000 - 0x00007ff9f1623000 	C:\WINDOWS\SYSTEM32\IPHLPAPI.DLL
0x00007ff9f5670000 - 0x00007ff9f567a000 	C:\WINDOWS\System32\NSI.dll
0x00007ff9e9080000 - 0x00007ff9e908b000 	C:\Windows\System32\rasadhlp.dll
0x00007ff9e92e0000 - 0x00007ff9e9366000 	C:\WINDOWS\System32\fwpuclnt.dll
0x00007ff9e4e30000 - 0x00007ff9e4e39000 	C:\Program Files\Eclipse Adoptium\jdk-17.0.14.7-hotspot\bin\extnet.dll
0x00007ff9dc560000 - 0x00007ff9dc56a000 	C:\Program Files\Eclipse Adoptium\jdk-17.0.14.7-hotspot\bin\management.dll
0x00007ff9dc530000 - 0x00007ff9dc53b000 	C:\Program Files\Eclipse Adoptium\jdk-17.0.14.7-hotspot\bin\management_ext.dll
0x00007ff9f49a0000 - 0x00007ff9f49a8000 	C:\WINDOWS\System32\PSAPI.DLL
0x00007ff9dbae0000 - 0x00007ff9dbaee000 	C:\Program Files\Eclipse Adoptium\jdk-17.0.14.7-hotspot\bin\sunmscapi.dll
0x00007ff9f3350000 - 0x00007ff9f34c7000 	C:\WINDOWS\System32\CRYPT32.dll
0x00007ff9f25d0000 - 0x00007ff9f2600000 	C:\WINDOWS\SYSTEM32\ncrypt.dll
0x00007ff9f2580000 - 0x00007ff9f25bf000 	C:\WINDOWS\SYSTEM32\NTASN1.dll
0x00007ff9f23c0000 - 0x00007ff9f23dc000 	C:\WINDOWS\SYSTEM32\CRYPTSP.dll
0x00007ff9f1b10000 - 0x00007ff9f1b4a000 	C:\WINDOWS\system32\rsaenh.dll
0x00007ff9f21c0000 - 0x00007ff9f21eb000 	C:\WINDOWS\SYSTEM32\USERENV.dll
0x00007ff9f2cd0000 - 0x00007ff9f2cf6000 	C:\WINDOWS\SYSTEM32\bcrypt.dll
0x00007ff9f23e0000 - 0x00007ff9f23ec000 	C:\WINDOWS\SYSTEM32\CRYPTBASE.dll
0x00007ff9eb5b0000 - 0x00007ff9eb5cf000 	C:\WINDOWS\SYSTEM32\dhcpcsvc6.DLL
0x00007ff9eb580000 - 0x00007ff9eb5a5000 	C:\WINDOWS\SYSTEM32\dhcpcsvc.DLL
0x00007ff9c66a0000 - 0x00007ff9c6727000 	C:\Program Files\Eclipse Adoptium\jdk-17.0.14.7-hotspot\bin\freetype.dll
0x00007ff9c00c0000 - 0x00007ff9c019b000 	C:\Program Files\Eclipse Adoptium\jdk-17.0.14.7-hotspot\bin\fontmanager.dll
0x00007ff9f53c0000 - 0x00007ff9f5468000 	C:\WINDOWS\System32\clbcatq.dll
0x00007ff9edce0000 - 0x00007ff9edf1a000 	C:\WINDOWS\SYSTEM32\WindowsCodecs.dll
0x00007ff9addc0000 - 0x00007ff9ade1a000 	C:\WINDOWS\system32\dataexchange.dll
0x00007ff9e3d10000 - 0x00007ff9e3f4c000 	C:\WINDOWS\system32\twinapi.appcore.dll
0x00007ff9c7620000 - 0x00007ff9c776d000 	C:\WINDOWS\SYSTEM32\textinputframework.dll

dbghelp: loaded successfully - version: 4.0.5 - missing functions: none
symbol engine: initialized successfully - sym options: 0x614 - pdb path: .;C:\Program Files\Eclipse Adoptium\jdk-17.0.14.7-hotspot\bin;C:\WINDOWS\SYSTEM32;C:\WINDOWS\WinSxS\amd64_microsoft.windows.common-controls_6595b64144ccf1df_6.0.26100.3912_none_3e07963ce335137e;C:\Program Files\Eclipse Adoptium\jdk-17.0.14.7-hotspot\bin\server

VM Arguments:
jvm_args: -XX:+ShowCodeDetailsInExceptionMessages 
java_command: main.java.ui.OffreEmploiFormUI
java_class_path (initial): C:\Users\hp\AppData\Roaming\Code\User\workspaceStorage\4e3cde1d297c4d677f134a4f5c5a8422\redhat.java\jdt_ws\recrutement_75f1d184\bin;c:\Users\hp\Desktop\CI GI S1\S2\OOP with Java\Projet\Le Projet\recrutement\lib\postgresql-42.7.5.jar
Launcher Type: SUN_STANDARD

[Global flags]
     intx CICompilerCount                          = 4                                         {product} {ergonomic}
     uint ConcGCThreads                            = 2                                         {product} {ergonomic}
     uint G1ConcRefinementThreads                  = 8                                         {product} {ergonomic}
   size_t G1HeapRegionSize                         = 2097152                                   {product} {ergonomic}
    uintx GCDrainStackTargetSize                   = 64                                        {product} {ergonomic}
   size_t InitialHeapSize                          = 264241152                                 {product} {ergonomic}
   size_t MarkStackSize                            = 4194304                                   {product} {ergonomic}
   size_t MaxHeapSize                              = 4219469824                                {product} {ergonomic}
   size_t MaxNewSize                               = 2531262464                                {product} {ergonomic}
   size_t MinHeapDeltaBytes                        = 2097152                                   {product} {ergonomic}
   size_t MinHeapSize                              = 8388608                                   {product} {ergonomic}
    uintx NonNMethodCodeHeapSize                   = 5839372                                {pd product} {ergonomic}
    uintx NonProfiledCodeHeapSize                  = 122909434                              {pd product} {ergonomic}
    uintx ProfiledCodeHeapSize                     = 122909434                              {pd product} {ergonomic}
    uintx ReservedCodeCacheSize                    = 251658240                              {pd product} {ergonomic}
     bool SegmentedCodeCache                       = true                                      {product} {ergonomic}
     bool ShowCodeDetailsInExceptionMessages       = true                                   {manageable} {command line}
   size_t SoftMaxHeapSize                          = 4219469824                             {manageable} {ergonomic}
     bool UseCompressedClassPointers               = true                           {product lp64_product} {ergonomic}
     bool UseCompressedOops                        = true                           {product lp64_product} {ergonomic}
     bool UseG1GC                                  = true                                      {product} {ergonomic}
     bool UseLargePagesIndividualAllocation        = false                                  {pd product} {ergonomic}

Logging:
Log output configuration:
 #0: stdout all=warning uptime,level,tags
 #1: stderr all=off uptime,level,tags

Environment Variables:
JAVA_HOME=C:\Program Files\Eclipse Adoptium\jdk-17.0.14.7-hotspot\
PATH=C:\Program Files\Eclipse Adoptium\jdk-17.0.14.7-hotspot\bin;C:\WINDOWS\system32;C:\WINDOWS;C:\WINDOWS\System32\Wbem;C:\WINDOWS\System32\WindowsPowerShell\v1.0\;C:\WINDOWS\System32\OpenSSH\;C:\Program Files\Microsoft SQL Server\Client SDK\ODBC\110\Tools\Binn\;C:\Program Files (x86)\Microsoft SQL Server\120\Tools\Binn\;C:\Program Files\Microsoft SQL Server\120\Tools\Binn\;C:\Program Files\Microsoft SQL Server\120\DTS\Binn\;C:\Program Files\Git\cmd;C:\Program Files\nodejs\;C:\Program Files\MySQL\MySQL Shell 8.0\bin\;C:\Users\hp\AppData\Local\Programs\Python\Python313\Scripts\;C:\Users\hp\AppData\Local\Programs\Python\Python313\;C:\Users\hp\AppData\Local\Programs\Python\Launcher\;C:\Users\hp\AppData\Local\Microsoft\WindowsApps;C:\msys64\ucrt64\bin;C:\Dev-Cpp\bin;C:\Users\hp\AppData\Roaming\npm;C:\Users\hp\AppData\Local\Programs\Microsoft VS Code\bin;C:\Program Files\JetBrains\IntelliJ IDEA 2024.3.5\bin;;;C:\Users\hp\.lmstudio\bin;C:\Users\hp\AppData\Local\Programs\cursor\resources\app\bin
USERNAME=hp
LANG=en_US.UTF-8
OS=Windows_NT
PROCESSOR_IDENTIFIER=Intel64 Family 6 Model 142 Stepping 12, GenuineIntel
TMP=C:\Users\hp\AppData\Local\Temp
TEMP=C:\Users\hp\AppData\Local\Temp



Periodic native trim disabled


---------------  S Y S T E M  ---------------

OS:
 Windows 11 , 64 bit Build 26100 (10.0.26100.3912)
OS uptime: 3 days 23:55 hours

CPU: total 8 (initial active 8) (4 cores per cpu, 2 threads per core) family 6 model 142 stepping 12 microcode 0xf8, cx8, cmov, fxsr, ht, mmx, 3dnowpref, sse, sse2, sse3, ssse3, sse4.1, sse4.2, popcnt, lzcnt, tsc, tscinvbit, avx, avx2, aes, erms, clmul, bmi1, bmi2, adx, fma, vzeroupper, clflush, clflushopt
Processor Information for all 8 processors :
  Max Mhz: 1896, Current Mhz: 1596, Mhz Limit: 1592

Memory: 4k page, system-wide physical 16094M (8074M free)
TotalPageFile size 18398M (AvailPageFile size 6784M)
current process WorkingSet (physical memory assigned to process): 131M, peak: 171M
current process commit charge ("private bytes"): 378M, peak: 418M

vm_info: OpenJDK 64-Bit Server VM (17.0.14+7) for windows-amd64 JRE (17.0.14+7), built on Jan 21 2025 23:40:15 by "admin" with MS VC++ 17.7 (VS2022)

END.
